>>> say_my_name = __import__('3-say_my_name').say_my_name
>>> say_my_name()
Traceback (most recent call last):
  File "<stdin>", line 1, in <module>
TypeError: say_my_name() missing 1 required positional argument: 'first_name'
>>> say_my_name("")
My name is  
>>> say_my_name("", "")
My name is  
>>> say_my_name("", 1)
Traceback (most recent call last):
  File "<stdin>", line 1, in <module>
  File "/home/vagrant/holbertonschool-higher_level_programming/0x07-python-test_driven_development/3-say_my_name.py", line 16, in say_my_name
    raise TypeError("last_name must be a string")
TypeError: last_name must be a string
>>> say_my_name("", "Smith")
My name is  Smith
>>> say_my_name(1)
Traceback (most recent call last):
  File "<stdin>", line 1, in <module>
  File "/home/vagrant/holbertonschool-higher_level_programming/0x07-python-test_driven_development/3-say_my_name.py", line 14, in say_my_name
    raise TypeError("first_name must be a string")
TypeError: first_name must be a string
>>> say_my_name(1, "")
Traceback (most recent call last):
  File "<stdin>", line 1, in <module>
  File "/home/vagrant/holbertonschool-higher_level_programming/0x07-python-test_driven_development/3-say_my_name.py", line 14, in say_my_name
    raise TypeError("first_name must be a string")
TypeError: first_name must be a string
>>> say_my_name(1, "Smith")
Traceback (most recent call last):
  File "<stdin>", line 1, in <module>
  File "/home/vagrant/holbertonschool-higher_level_programming/0x07-python-test_driven_development/3-say_my_name.py", line 14, in say_my_name
    raise TypeError("first_name must be a string")
TypeError: first_name must be a string
>>> say_my_name("Bob", "Smith")
My name is Bob Smith
>>> say_my_name(["Bob"], "Smith")
Traceback (most recent call last):
  File "<stdin>", line 1, in <module>
  File "/home/vagrant/holbertonschool-higher_level_programming/0x07-python-test_driven_development/3-say_my_name.py", line 14, in say_my_name
    raise TypeError("first_name must be a string")
TypeError: first_name must be a string
